yarn run v1.22.19
$ next build
info  - Loaded env from /Users/nikoemme/LensShare/web/.env.production
info  - Loaded env from /Users/nikoemme/LensShare/web/.env
warn  - You have enabled experimental feature (scrollRestoration) in next.config.js.
warn  - Experimental features are not covered by semver, and may cause unexpected or broken application behavior. Use at your own risk.

info  - Linting and checking validity of types...
warn  - The Next.js plugin was not detected in your ESLint configuration. See https://nextjs.org/docs/basic-features/eslint#migrating-existing-config

Failed to compile.

./src/abi/FollowNFT.ts
1:1  Error: Parsing error: The keyword 'export' is reserved

./src/abi/Stats/StatCard.tsx
1:1  Error: Parsing error: The keyword 'import' is reserved

./src/abi/Stats/index.tsx
1:1  Error: Parsing error: The keyword 'import' is reserved

./src/abi/UpdateOwnableFeeCollectModule.ts
1:1  Error: Parsing error: The keyword 'export' is reserved

./src/abi/abi.ts
1:1  Error: Parsing error: The keyword 'export' is reserved

./src/apollo-client.ts
1:1  Error: Parsing error: The keyword 'import' is reserved

./src/components/Buttons/Collects/Allowance.tsx
1:1  Error: Parsing error: The keyword 'import' is reserved

./src/components/Buttons/Collects/AllowanceButton.tsx
1:1  Error: Parsing error: The keyword 'import' is reserved

./src/components/Buttons/Collects/AllowanceData.tsx
1:1  Error: Parsing error: The keyword 'import' is reserved

./src/components/Buttons/Collects/CollectButton.tsx
1:1  Error: Parsing error: The keyword 'import' is reserved

./src/components/Buttons/Collects/CollectModule.tsx
1:1  Error: Parsing error: The keyword 'import' is reserved

./src/components/Buttons/Collects/CollectOutline.tsx
1:1  Error: Parsing error: The keyword 'import' is reserved

./src/components/Buttons/Collects/Module.tsx
1:1  Error: Parsing error: The keyword 'import' is reserved

./src/components/Buttons/CommentButton.tsx
1:1  Error: Parsing error: The keyword 'import' is reserved

./src/components/Buttons/FollowButton.tsx
1:1  Error: Parsing error: The keyword 'import' is reserved

./src/components/Buttons/Likes/Like.tsx
1:1  Error: Parsing error: The keyword 'import' is reserved

./src/components/Buttons/Likes/LikeButton.tsx
1:1  Error: Parsing error: The keyword 'import' is reserved

./src/components/Buttons/MirrorOutline.tsx
1:1  Error: Parsing error: The keyword 'import' is reserved

./src/components/Buttons/Mirrors/MirrorButton.tsx
1:1  Error: Parsing error: The keyword 'import' is reserved

./src/components/Buttons/Mirrors/MirrorVideos.tsx
1:1  Error: Parsing error: The keyword 'import' is reserved

./src/components/Buttons/Rainbow/mainbutton.tsx
1:1  Error: Parsing error: The keyword 'import' is reserved

./src/components/Buttons/ShareButton.tsx
1:1  Error: Parsing error: The keyword 'import' is reserved

./src/components/Buttons/UnfollowButton.tsx
1:1  Error: Parsing error: The keyword 'import' is reserved

./src/components/Bytes/BottomOverlay.tsx
1:1  Error: Parsing error: The keyword 'import' is reserved

./src/components/Bytes/ByteActions.tsx
1:1  Error: Parsing error: The keyword 'import' is reserved

./src/components/Bytes/ByteVideo.tsx
1:1  Error: Parsing error: The keyword 'import' is reserved

./src/components/Bytes/CommentModal.tsx
1:1  Error: Parsing error: The keyword 'import' is reserved

./src/components/Bytes/FullScreen/ChevronDownOutline.tsx
1:1  Error: Parsing error: The keyword 'import' is reserved

./src/components/Bytes/FullScreen/ChevronUpOutline.tsx
1:1  Error: Parsing error: The keyword 'import' is reserved

./src/components/Bytes/FullScreen/Comments.tsx
1:1  Error: Parsing error: The keyword 'import' is reserved

./src/components/Bytes/FullScreen/index.tsx
1:1  Error: Parsing error: The keyword 'import' is reserved

./src/components/Bytes/MirrorList.tsx
1:1  Error: Parsing error: The keyword 'import' is reserved

./src/components/Bytes/MirrorModal.tsx
1:1  Error: Parsing error: The keyword 'import' is reserved

./src/components/Bytes/MobileBottomOverlay.tsx
1:1  Error: Parsing error: The keyword 'import' is reserved

./src/components/Bytes/ShareOutline.tsx
1:1  Error: Parsing error: The keyword 'import' is reserved

./src/components/Bytes/TopOverlay.tsx
1:1  Error: Parsing error: The keyword 'import' is reserved

./src/components/Bytes/index.tsx
1:1  Error: Parsing error: The keyword 'import' is reserved

./src/components/Comment/Comment.tsx
1:1  Error: Parsing error: The keyword 'import' is reserved

./src/components/Comment/Feed.tsx
1:1  Error: Parsing error: The keyword 'import' is reserved

./src/components/Comment/NoneRelevantFeed.tsx
1:1  Error: Parsing error: The keyword 'import' is reserved

./src/components/Composer/Actions/AccessSettings/BasicSettings.tsx
1:1  Error: Parsing error: The keyword 'import' is reserved

./src/components/Composer/Actions/AccessSettings/index.tsx
1:1  Error: Parsing error: The keyword 'import' is reserved

./src/components/Composer/Actions/Attachment.tsx
1:1  Error: Parsing error: The keyword 'import' is reserved

./src/components/Composer/Actions/CollectSettings/AmountConfig.tsx
1:1  Error: Parsing error: The keyword 'import' is reserved

./src/components/Composer/Actions/CollectSettings/Beta.tsx
1:1  Error: Parsing error: The keyword 'import' is reserved

./src/components/Composer/Actions/CollectSettings/CollectForm.tsx
1:1  Error: Parsing error: The keyword 'import' is reserved

./src/components/Composer/Actions/CollectSettings/CollectLimitConfig.tsx
1:1  Error: Parsing error: The keyword 'import' is reserved

./src/components/Composer/Actions/CollectSettings/FollowersConfig.tsx
1:1  Error: Parsing error: The keyword 'import' is reserved

./src/components/Composer/Actions/CollectSettings/ReferralConfig.tsx
1:1  Error: Parsing error: The keyword 'import' is reserved

./src/components/Composer/Actions/CollectSettings/SplitConfig.tsx
1:1  Error: Parsing error: The keyword 'import' is reserved

./src/components/Composer/Actions/CollectSettings/TimeLimitConfig.tsx
1:1  Error: Parsing error: The keyword 'import' is reserved

./src/components/Composer/Actions/CollectSettings/index.tsx
1:1  Error: Parsing error: The keyword 'import' is reserved

./src/components/Composer/Actions/Giphy/GifSelector.tsx
1:1  Error: Parsing error: The keyword 'import' is reserved

./src/components/Composer/Actions/Giphy/index.tsx
1:1  Error: Parsing error: The keyword 'import' is reserved

./src/components/Composer/Actions/PollSettings/PollEditor.tsx
1:1  Error: Parsing error: The keyword 'import' is reserved

./src/components/Composer/Actions/PollSettings/index.tsx
1:1  Error: Parsing error: The keyword 'import' is reserved

./src/components/Composer/Actions/ReferenceSettings/index.tsx
1:1  Error: Parsing error: The keyword 'import' is reserved

./src/components/Composer/Actions/SpaceSettings/index.tsx
1:1  Error: Parsing error: The keyword 'import' is reserved

./src/components/Composer/Attachments.tsx
1:1  Error: Parsing error: The keyword 'import' is reserved

./src/components/Composer/Audio/CoverImage.tsx
1:1  Error: Parsing error: The keyword 'import' is reserved

./src/components/Composer/Audio/Player.tsx
1:1  Error: Parsing error: The keyword 'import' is reserved

./src/components/Composer/Audio/index.tsx
1:1  Error: Parsing error: The keyword 'import' is reserved

./src/components/Composer/ChooseThumbnail.tsx
1:1  Error: Parsing error: The keyword 'import' is reserved

./src/components/Composer/Editor/index.tsx
1:1  Error: Parsing error: The keyword 'import' is reserved

./src/components/Composer/HiddenPublication.tsx
1:1  Error: Parsing error: The keyword 'import' is reserved

./src/components/Composer/NewPublication.tsx
1:1  Error: Parsing error: The keyword 'import' is reserved

./src/components/Composer/Post/New.tsx
1:1  Error: Parsing error: The keyword 'import' is reserved

./src/components/Composer/PublicationBody.tsx
1:1  Error: Parsing error: The keyword 'import' is reserved

./src/components/Composer/PublicationHeader.tsx
1:1  Error: Parsing error: The keyword 'import' is reserved

./src/components/Composer/PublicationShimmer.tsx
1:1  Error: Parsing error: The keyword 'import' is reserved

./src/components/Composer/PublicationWrapper.tsx
1:1  Error: Parsing error: The keyword 'import' is reserved

./src/components/Composer/QueuedPublication.tsx
1:1  Error: Parsing error: The keyword 'import' is reserved

./src/components/Composer/Quote.tsx
1:1  Error: Parsing error: The keyword 'import' is reserved

./src/components/Composer/QuotedPublication.tsx
1:1  Error: Parsing error: The keyword 'import' is reserved

./src/components/Composer/SinglePublication.tsx
1:1  Error: Parsing error: The keyword 'import' is reserved

./src/components/Composer/SinglePublication2.tsx
1:1  Error: Parsing error: The keyword 'import' is reserved

./src/components/Composer/Source.tsx
1:1  Error: Parsing error: The keyword 'import' is reserved

./src/components/Composer/UserProfileShimmer.tsx
1:1  Error: Parsing error: The keyword 'import' is reserved

./src/components/Composer/Video.tsx
1:1  Error: Parsing error: The keyword 'import' is reserved

./src/components/Composer/getURLs.ts
7:1  Error: Parsing error: The keyword 'const' is reserved

./src/components/DetailPage/CommentsBlock/Comment.tsx
1:1  Error: Parsing error: The keyword 'import' is reserved

./src/components/DetailPage/CommentsBlock/CommentData.tsx
1:1  Error: Parsing error: The keyword 'import' is reserved

./src/components/DetailPage/CommentsBlock/CommentOptions.tsx
1:1  Error: Parsing error: The keyword 'import' is reserved

./src/components/DetailPage/CommentsBlock/Comments.tsx
1:1  Error: Parsing error: The keyword 'import' is reserved

./src/components/DetailPage/CommentsBlock/CreateComment.tsx
1:1  Error: Parsing error: The keyword 'import' is reserved

./src/components/DetailPage/CommentsBlock/HashExplorerLink.tsx
1:1  Error: Parsing error: The keyword 'import' is reserved

./src/components/DetailPage/CommentsBlock/NoResults.tsx
1:1  Error: Parsing error: The keyword 'import' is reserved

./src/components/DetailPage/CommentsBlock/PublicationReaction.tsx
1:1  Error: Parsing error: The keyword 'import' is reserved

./src/components/DetailPage/CommentsBlock/lit-js-sdk.d.ts
1:9  Error: Parsing error: Unexpected token module

./src/components/DetailPage/DetailRender.tsx
1:1  Error: Parsing error: The keyword 'import' is reserved

./src/components/DetailPage/InputMentions.tsx
1:1  Error: Parsing error: The keyword 'import' is reserved

./src/components/DetailPage/ReportModal.tsx
1:1  Error: Parsing error: The keyword 'import' is reserved

./src/components/DetailPage/VideoDetail.tsx
1:1  Error: Parsing error: The keyword 'import' is reserved

./src/components/DiscoverPage/DiscoverMain.tsx
1:1  Error: Parsing error: The keyword 'import' is reserved

./src/components/DiscoverPage/DiscoverMob.tsx
1:1  Error: Parsing error: The keyword 'import' is reserved

./src/components/Echos/Audio.tsx
1:1  Error: Parsing error: The keyword 'import' is reserved

./src/components/Echos/Curated.tsx
1:1  Error: Parsing error: The keyword 'import' is reserved

./src/components/Echos/EchosPage.tsx
1:1  Error: Parsing error: The keyword 'import' is reserved

./src/components/Echos/EchosShimmer.tsx
1:1  Error: Parsing error: The keyword 'import' is reserved

./src/components/Echos/Item.tsx
1:1  Error: Parsing error: The keyword 'import' is reserved

./src/components/Echos/Wrapper.tsx
1:1  Error: Parsing error: The keyword 'import' is reserved

./src/components/Embed/Space/SmallUserProfile.tsx
1:1  Error: Parsing error: The keyword 'import' is reserved

./src/components/Embed/Space/SpacePlayer.tsx
1:1  Error: Parsing error: The keyword 'import' is reserved

./src/components/Embed/Space/SpaceSettings/index.tsx
1:1  Error: Parsing error: The keyword 'import' is reserved

./src/components/Embed/Space/SpaceUser.tsx
1:1  Error: Parsing error: The keyword 'import' is reserved

./src/components/Embed/Space/index.tsx
1:1  Error: Parsing error: The keyword 'import' is reserved

./src/components/Embed/Wrapper.tsx
1:1  Error: Parsing error: The keyword 'import' is reserved

./src/components/ErrorMessage.tsx
1:1  Error: Parsing error: The keyword 'import' is reserved

./src/components/GlobalModals.tsx
1:1  Error: Parsing error: The keyword 'import' is reserved

./src/components/Home/BytesSection.tsx
1:1  Error: Parsing error: The keyword 'import' is reserved

./src/components/Home/BytesShimmer.tsx
1:1  Error: Parsing error: The keyword 'import' is reserved

./src/components/Home/Curated.tsx
1:1  Error: Parsing error: The keyword 'import' is reserved

./src/components/Home/Timeline.tsx
1:1  Error: Parsing error: The keyword 'import' is reserved

./src/components/Home/TimelineShimmer.tsx
1:1  Error: Parsing error: The keyword 'import' is reserved

./src/components/Home/VideoCardShimmer.tsx
1:1  Error: Parsing error: The keyword 'import' is reserved

./src/components/Home/index.tsx
1:1  Error: Parsing error: The keyword 'import' is reserved

./src/components/HomePage/AudioCard.tsx
1:1  Error: Parsing error: The keyword 'import' is reserved

./src/components/HomePage/BytesCard.tsx
1:1  Error: Parsing error: The keyword 'import' is reserved

./src/components/HomePage/BytesCardLast.tsx
1:1  Error: Parsing error: The keyword 'import' is reserved

./src/components/HomePage/EmbedVideo.tsx
1:1  Error: Parsing error: The keyword 'import' is reserved

./src/components/HomePage/Explore.tsx
1:1  Error: Parsing error: The keyword 'import' is reserved

./src/components/HomePage/ExploreAudio.tsx
1:1  Error: Parsing error: The keyword 'import' is reserved

./src/components/HomePage/ExploreAudioRender.tsx
1:1  Error: Parsing error: The keyword 'import' is reserved

./src/components/HomePage/GlobalModals.tsx
1:1  Error: Parsing error: The keyword 'import' is reserved

./src/components/HomePage/Home.tsx
1:1  Error: Parsing error: The keyword 'import' is reserved

./src/components/HomePage/ShareModal.tsx
1:1  Error: Parsing error: The keyword 'import' is reserved

./src/components/HomePage/Video.tsx
1:1  Error: Parsing error: The keyword 'import' is reserved

./src/components/HomePage/VideoCard.tsx
1:1  Error: Parsing error: The keyword 'import' is reserved

./src/components/HomePage/VideoCardProfile.tsx
1:1  Error: Parsing error: The keyword 'import' is reserved

./src/components/HomePage/ViewCount.tsx
1:1  Error: Parsing error: The keyword 'import' is reserved

./src/components/Latest.tsx
1:1  Error: Parsing error: The keyword 'import' is reserved

./src/components/LatestRender.tsx
1:1  Error: Parsing error: The keyword 'import' is reserved

./src/components/Layout.tsx
1:1  Error: Parsing error: The keyword 'import' is reserved

./src/components/LeafwatchProvider.tsx
1:1  Error: Parsing error: The keyword 'import' is reserved

./src/components/Lexical/Nodes/EmojiNode.tsx
1:1  Error: Parsing error: The keyword 'import' is reserved

./src/components/Lexical/Nodes/MentionsNode.tsx
1:1  Error: Parsing error: The keyword 'import' is reserved

./src/components/Lexical/Plugins/AtMentionsPlugin.tsx
1:1  Error: Parsing error: The keyword 'import' is reserved

./src/components/Lexical/Plugins/AutoLinkPlugin.tsx
1:1  Error: Parsing error: The keyword 'import' is reserved

./src/components/Lexical/Plugins/EmojiPicker.tsx
1:1  Error: Parsing error: The keyword 'import' is reserved

./src/components/Lexical/Plugins/EmojisPlugin.tsx
1:1  Error: Parsing error: The keyword 'import' is reserved

./src/components/Lexical/Plugins/ImagesPlugin.tsx
1:1  Error: Parsing error: The keyword 'import' is reserved

./src/components/Lexical/Plugins/ToolbarPlugin.tsx
1:1  Error: Parsing error: The keyword 'import' is reserved

./src/components/Lexical/withLexicalContext.tsx
1:1  Error: Parsing error: The keyword 'import' is reserved

./src/components/Loading.tsx
1:1  Error: Parsing error: The keyword 'import' is reserved

./src/components/Login/ButtonTest.tsx
1:1  Error: Parsing error: The keyword 'import' is reserved

./src/components/Login/LoginButton.tsx
1:1  Error: Parsing error: The keyword 'import' is reserved

./src/components/Login/LoginButtonMobile.tsx
1:1  Error: Parsing error: The keyword 'import' is reserved

./src/components/Login/LoginWallet.tsx
1:1  Error: Parsing error: The keyword 'import' is reserved

./src/components/Login/LoginWalletMobile.tsx
1:1  Error: Parsing error: The keyword 'import' is reserved

./src/components/Meet/Audio.tsx
1:1  Error: Parsing error: The keyword 'import' is reserved

./src/components/Meet/BasicIcons.tsx
1:1  Error: Parsing error: The keyword 'export' is reserved

./src/components/Meet/DeviceList.tsx
1:1  Error: Parsing error: The keyword 'import' is reserved

./src/components/Meet/DropDownMenu.tsx
1:1  Error: Parsing error: The keyword 'import' is reserved

./src/components/Meet/Lobby/index.tsx
1:1  Error: Parsing error: The keyword 'import' is reserved

./src/components/Meet/Meet.tsx
1:1  Error: Parsing error: The keyword 'import' is reserved

./src/components/Meet/SwitchDeviceMenu.tsx
1:1  Error: Parsing error: The keyword 'import' is reserved

./src/components/Meet/Video.tsx
1:1  Error: Parsing error: The keyword 'import' is reserved

./src/components/Meet/index.tsx
1:1  Error: Parsing error: The keyword 'import' is reserved

./src/components/Messages/AttachmentView.tsx
1:1  Error: Parsing error: The keyword 'import' is reserved

./src/components/Messages/Composer.tsx
1:1  Error: Parsing error: The keyword 'import' is reserved

./src/components/Messages/ErrorMessage.tsx
1:1  Error: Parsing error: The keyword 'import' is reserved

./src/components/Messages/Message.tsx
1:1  Error: Parsing error: The keyword 'import' is reserved

./src/components/Messages/MessageContent.tsx
1:1  Error: Parsing error: The keyword 'import' is reserved

./src/components/Messages/MessageHeader.tsx
1:1  Error: Parsing error: The keyword 'import' is reserved

./src/components/Messages/MessageIcon.tsx
1:1  Error: Parsing error: The keyword 'import' is reserved

./src/components/Messages/MessagesList.tsx
1:1  Error: Parsing error: The keyword 'import' is reserved

./src/components/Messages/MessagesPage.tsx
1:1  Error: Parsing error: The keyword 'import' is reserved

./src/components/Messages/Preview.tsx
1:1  Error: Parsing error: The keyword 'import' is reserved

./src/components/Messages/PreviewList.tsx
1:1  Error: Parsing error: The keyword 'import' is reserved
info Visit https://yarnpkg.com/en/docs/cli/run for documentation about this command.

./src/components/Messages/RemoteAttachmentPreview.tsx
1:1  Error: Parsing error: The keyword 'import' is reserved

./src/components/Messages/index.tsx
1:1  Error: Parsing error: The keyword 'import' is reserved

./src/components/Modal.tsx
1:1  Error: Parsing error: The keyword 'import' is reserved

./src/components/Navbar.tsx
1:1  Error: Parsing error: The keyword 'import' is reserved

./src/components/NavbarDetails.tsx
1:1  Error: Parsing error: The keyword 'import' is reserved

./src/components/Navs/BottomNav.tsx
1:1  Error: Parsing error: The keyword 'import' is reserved

./src/components/Navs/BottomNavDetails.tsx
1:1  Error: Parsing error: The keyword 'import' is reserved

./src/components/Notifications/AddressExplorerLink.tsx
1:1  Error: Parsing error: The keyword 'import' is reserved

./src/components/Notifications/Collected.tsx
1:1  Error: Parsing error: The keyword 'import' is reserved

./src/components/Notifications/Commented.tsx
1:1  Error: Parsing error: The keyword 'import' is reserved

./src/components/Notifications/Filter.tsx
1:1  Error: Parsing error: The keyword 'import' is reserved

./src/components/Notifications/Mentioned.tsx
1:1  Error: Parsing error: The keyword 'import' is reserved

./src/components/Notifications/Mirrored.tsx
1:1  Error: Parsing error: The keyword 'import' is reserved

./src/components/Notifications/NotificationIcon.tsx
1:1  Error: Parsing error: The keyword 'import' is reserved

./src/components/Notifications/Reacted.tsx
1:1  Error: Parsing error: The keyword 'import' is reserved

./src/components/Notifications/Subscribed.tsx
1:1  Error: Parsing error: The keyword 'import' is reserved

./src/components/Notifications/index.tsx
1:1  Error: Parsing error: The keyword 'import' is reserved

./src/components/Oembed/Embed.tsx
1:1  Error: Parsing error: The keyword 'import' is reserved

./src/components/Oembed/Player.tsx
1:1  Error: Parsing error: The keyword 'import' is reserved

./src/components/Oembed/index.tsx
1:1  Error: Parsing error: The keyword 'import' is reserved

./src/components/Profile/Cover.tsx
1:1  Error: Parsing error: The keyword 'import' is reserved

./src/components/Profile/Details.tsx
1:1  Error: Parsing error: The keyword 'import' is reserved

./src/components/Profile/Feed.tsx
1:1  Error: Parsing error: The keyword 'import' is reserved

./src/components/Profile/FeedType.tsx
1:1  Error: Parsing error: The keyword 'import' is reserved

./src/components/Profile/Filters/MediaFilter.tsx
1:1  Error: Parsing error: The keyword 'import' is reserved

./src/components/Profile/Follow.tsx
1:1  Error: Parsing error: The keyword 'import' is reserved

./src/components/Profile/FollowDialog.tsx
1:1  Error: Parsing error: The keyword 'import' is reserved

./src/components/Profile/Followerings.tsx
1:1  Error: Parsing error: The keyword 'import' is reserved

./src/components/Profile/Followers.tsx
1:1  Error: Parsing error: The keyword 'import' is reserved

./src/components/Profile/Following.tsx
1:1  Error: Parsing error: The keyword 'import' is reserved

./src/components/Profile/Message.tsx
1:1  Error: Parsing error: The keyword 'import' is reserved

./src/components/Profile/New.tsx
1:1  Error: Parsing error: The keyword 'import' is reserved

./src/components/Profile/SettingsHelper.tsx
1:1  Error: Parsing error: The keyword 'import' is reserved

./src/components/Profile/TabButton.tsx
1:1  Error: Parsing error: The keyword 'import' is reserved

./src/components/Profile/Unfollow.tsx
1:1  Error: Parsing error: The keyword 'import' is reserved

./src/components/Profile/index.tsx
1:1  Error: Parsing error: The keyword 'import' is reserved

./src/components/ProfilePage/ Mirrores.tsx
1:1  Error: Parsing error: The keyword 'import' is reserved

./src/components/ProfilePage/CollectedVideos.tsx
1:1  Error: Parsing error: The keyword 'import' is reserved

./src/components/ProfilePage/Collectors.tsx
1:1  Error: Parsing error: The keyword 'import' is reserved

./src/components/ProfilePage/Cover.tsx
1:1  Error: Parsing error: The keyword 'import' is reserved

./src/components/ProfilePage/Followers.tsx
1:1  Error: Parsing error: The keyword 'import' is reserved

./src/components/ProfilePage/Following.tsx
1:1  Error: Parsing error: The keyword 'import' is reserved

./src/components/ProfilePage/Menu/index.tsx
1:1  Error: Parsing error: The keyword 'import' is reserved

./src/components/ProfilePage/NFT.tsx
1:1  Error: Parsing error: The keyword 'import' is reserved

./src/components/ProfilePage/ProfileAudio.tsx
1:1  Error: Parsing error: The keyword 'import' is reserved

./src/components/ProfilePage/ProfileAudioFeed.tsx
2:1  Error: Parsing error: The keyword 'import' is reserved

./src/components/ProfilePage/ProfileCard.tsx
3:1  Error: Parsing error: The keyword 'import' is reserved

./src/components/ProfilePage/ProfileRender.tsx
1:1  Error: Parsing error: The keyword 'import' is reserved

./src/components/ProfilePage/ProfileVideos.tsx
2:1  Error: Parsing error: The keyword 'import' is reserved

./src/components/ProfilePage/Profiles.tsx
1:1  Error: Parsing error: The keyword 'import' is reserved

./src/components/ProfilePage/UserProfile.tsx
1:1  Error: Parsing error: The keyword 'import' is reserved

./src/components/ProfilePage/UserProfiles.tsx
1:1  Error: Parsing error: The keyword 'import' is reserved

./src/components/Providers.tsx
1:1  Error: Parsing error: The keyword 'import' is reserved

./src/components/Publication/Actions/Collect/CollectModule.tsx
1:1  Error: Parsing error: The keyword 'import' is reserved

./src/components/Publication/Actions/Collect/Splits.tsx
1:1  Error: Parsing error: The keyword 'import' is reserved

./src/components/Publication/Actions/Collect/index.tsx
1:1  Error: Parsing error: The keyword 'import' is reserved

./src/components/Publication/Actions/Comment.tsx
1:1  Error: Parsing error: The keyword 'import' is reserved

./src/components/Publication/Actions/Like.tsx
1:1  Error: Parsing error: The keyword 'import' is reserved

./src/components/Publication/Actions/Menu/CopyPostText.tsx
1:1  Error: Parsing error: The keyword 'import' is reserved

./src/components/Publication/Actions/Menu/Delete.tsx
1:1  Error: Parsing error: The keyword 'import' is reserved

./src/components/Publication/Actions/Menu/Report.tsx
1:1  Error: Parsing error: The keyword 'import' is reserved

./src/components/Publication/Actions/Menu/Share.tsx
1:1  Error: Parsing error: The keyword 'import' is reserved

./src/components/Publication/Actions/Menu/Translate.tsx
1:1  Error: Parsing error: The keyword 'import' is reserved

./src/components/Publication/Actions/Menu/index.tsx
1:1  Error: Parsing error: The keyword 'import' is reserved

./src/components/Publication/Actions/Share/Mirror.tsx
1:1  Error: Parsing error: The keyword 'import' is reserved

./src/components/Publication/Actions/Share/Quote.tsx
1:1  Error: Parsing error: The keyword 'import' is reserved

./src/components/Publication/Actions/Share/index.tsx
1:1  Error: Parsing error: The keyword 'import' is reserved

./src/components/Publication/Actions/index.tsx
1:1  Error: Parsing error: The keyword 'import' is reserved

./src/components/Publication/DecryptedPublicationBody.tsx
1:1  Error: Parsing error: The keyword 'import' is reserved

./src/components/Publication/FullPublication.tsx
1:1  Error: Parsing error: The keyword 'import' is reserved

./src/components/Publication/OnchainMeta.tsx
1:1  Error: Parsing error: The keyword 'import' is reserved

./src/components/Publication/ProfileNameOrHandle.tsx
1:1  Error: Parsing error: The keyword 'import' is reserved

./src/components/Publication/Profiles.tsx
1:1  Error: Parsing error: The keyword 'import' is reserved

./src/components/Publication/PublicationStats.tsx
1:1  Error: Parsing error: The keyword 'import' is reserved

./src/components/Publication/RelevantPeople.tsx
1:1  Error: Parsing error: The keyword 'import' is reserved

./src/components/Publication/Source.tsx
1:1  Error: Parsing error: The keyword 'import' is reserved

./src/components/Publication/ThreadBody.tsx
1:1  Error: Parsing error: The keyword 'import' is reserved

./src/components/Publication/Type/Commented.tsx
1:1  Error: Parsing error: The keyword 'import' is reserved

./src/components/Publication/Type/Mirrored.tsx
1:1  Error: Parsing error: The keyword 'import' is reserved

./src/components/Publication/Type/index.tsx
1:1  Error: Parsing error: The keyword 'import' is reserved

./src/components/Publication/index.tsx
1:1  Error: Parsing error: The keyword 'import' is reserved

./src/components/QueuedData.tsx
1:1  Error: Parsing error: The keyword 'import' is reserved

./src/components/ReportPublication/index.tsx
1:1  Error: Parsing error: The keyword 'import' is reserved

./src/components/Search/Search.tsx
1:1  Error: Parsing error: The keyword 'import' is reserved

./src/components/Search/SearchBar.tsx
1:1  Error: Parsing error: The keyword 'import' is reserved

./src/components/Search/SearchBarDiscover.tsx
1:1  Error: Parsing error: The keyword 'import' is reserved

./src/components/Search/SearchPage.tsx
1:1  Error: Parsing error: The keyword 'import' is reserved

./src/components/Search/SearchProfiles.tsx
1:1  Error: Parsing error: The keyword 'import' is reserved

./src/components/Search/SearchPublications.tsx
1:1  Error: Parsing error: The keyword 'import' is reserved

./src/components/Search/SearchSidebar.tsx
1:1  Error: Parsing error: The keyword 'import' is reserved

./src/components/Settings/Account/SetProfile.tsx
1:1  Error: Parsing error: The keyword 'import' is reserved

./src/components/Settings/Account/index.tsx
1:1  Error: Parsing error: The keyword 'import' is reserved

./src/components/Settings/Allowance/Allowance.tsx
1:1  Error: Parsing error: The keyword 'import' is reserved

./src/components/Settings/Allowance/Button.tsx
1:1  Error: Parsing error: The keyword 'import' is reserved

./src/components/Settings/Allowance/Module.tsx
1:1  Error: Parsing error: The keyword 'import' is reserved

./src/components/Settings/Allowance/index.tsx
1:1  Error: Parsing error: The keyword 'import' is reserved

./src/components/Settings/Cleanup/index.tsx
1:1  Error: Parsing error: The keyword 'import' is reserved

./src/components/Settings/Delete/index.tsx
1:1  Error: Parsing error: The keyword 'import' is reserved

./src/components/Settings/Dispatcher/ToggleDispatcher.tsx
1:1  Error: Parsing error: The keyword 'import' is reserved

./src/components/Settings/Dispatcher/index.tsx
1:1  Error: Parsing error: The keyword 'import' is reserved

./src/components/Settings/Export/Fingerprint.tsx
1:1  Error: Parsing error: The keyword 'import' is reserved

./src/components/Settings/Export/Followers.tsx
1:1  Error: Parsing error: The keyword 'import' is reserved

./src/components/Settings/Export/Following.tsx
1:1  Error: Parsing error: The keyword 'import' is reserved

./src/components/Settings/Export/Notifications.tsx
1:1  Error: Parsing error: The keyword 'import' is reserved

./src/components/Settings/Export/Profile.tsx
1:1  Error: Parsing error: The keyword 'import' is reserved

./src/components/Settings/Export/Publications.tsx
1:1  Error: Parsing error: The keyword 'import' is reserved

./src/components/Settings/Export/index.tsx
1:1  Error: Parsing error: The keyword 'import' is reserved

./src/components/Settings/Interests/Interests.tsx
1:1  Error: Parsing error: The keyword 'import' is reserved

./src/components/Settings/Interests/index.tsx
1:1  Error: Parsing error: The keyword 'import' is reserved

./src/components/Settings/Profile/NftPicture.tsx
1:1  Error: Parsing error: The keyword 'import' is reserved

./src/components/Settings/Profile/Profile.tsx
1:1  Error: Parsing error: The keyword 'import' is reserved

./src/components/Settings/Profile/index.tsx
1:1  Error: Parsing error: The keyword 'import' is reserved

./src/components/Settings/Sidebar.tsx
1:1  Error: Parsing error: The keyword 'import' is reserved

./src/components/Sidebar/Categories.tsx
1:1  Error: Parsing error: The keyword 'import' is reserved

./src/components/Sidebar/FollowingAccounts.tsx
1:1  Error: Parsing error: The keyword 'import' is reserved

./src/components/Sidebar/Footer.tsx
1:1  Error: Parsing error: The keyword 'import' is reserved

./src/components/Sidebar/Sidebar.tsx
1:1  Error: Parsing error: The keyword 'import' is reserved

./src/components/Sidebar/SuggestedAccounts.tsx
1:1  Error: Parsing error: The keyword 'import' is reserved

./src/components/Spinner.tsx
1:1  Error: Parsing error: The keyword 'export' is reserved

./src/components/Subscriptions/Feed.tsx
1:1  Error: Parsing error: The keyword 'import' is reserved

./src/components/Subscriptions/FeedBytes.tsx
1:1  Error: Parsing error: The keyword 'import' is reserved

./src/components/Subscriptions/index.tsx
1:1  Error: Parsing error: The keyword 'import' is reserved

./src/components/ToggleWithHelper.tsx
1:1  Error: Parsing error: The keyword 'import' is reserved

./src/components/UI/AudioPlayer/index.tsx
1:1  Error: Parsing error: The keyword 'import' is reserved

./src/components/UI/AudioPlayer/wavesurfer.d.ts
1:9  Error: Parsing error: Unexpected token module

./src/components/UI/Button copy.tsx
1:1  Error: Parsing error: The keyword 'import' is reserved

./src/components/UI/Button.tsx
1:1  Error: Parsing error: The keyword 'import' is reserved

./src/components/UI/Card.tsx
1:1  Error: Parsing error: The keyword 'import' is reserved

./src/components/UI/Checkbox.tsx
1:1  Error: Parsing error: The keyword 'import' is reserved

./src/components/UI/CommentModal.tsx
1:1  Error: Parsing error: The keyword 'import' is reserved

./src/components/UI/DropMenu.tsx
1:1  Error: Parsing error: The keyword 'import' is reserved

./src/components/UI/EmptyState.tsx
1:1  Error: Parsing error: The keyword 'import' is reserved

./src/components/UI/ErrorMessage.tsx
1:1  Error: Parsing error: The keyword 'import' is reserved

./src/components/UI/Form.tsx
1:1  Error: Parsing error: The keyword 'import' is reserved

./src/components/UI/FullScreenModal.tsx
1:1  Error: Parsing error: The keyword 'import' is reserved

./src/components/UI/GetModuleIcon.tsx
1:1  Error: Parsing error: The keyword 'import' is reserved

./src/components/UI/GridLayout.tsx
1:1  Error: Parsing error: The keyword 'import' is reserved

./src/components/UI/HelpTooltip.tsx
1:1  Error: Parsing error: The keyword 'import' is reserved

./src/components/UI/Icons/BellOutline.tsx
1:1  Error: Parsing error: The keyword 'import' is reserved

./src/components/UI/Icons/BytesOutline.tsx
1:1  Error: Parsing error: The keyword 'import' is reserved

./src/components/UI/Icons/ChannelOutline.tsx
1:1  Error: Parsing error: The keyword 'import' is reserved

./src/components/UI/Icons/CheckOutline.tsx
1:1  Error: Parsing error: The keyword 'import' is reserved

./src/components/UI/Icons/ChevronDownOutline.tsx
1:1  Error: Parsing error: The keyword 'import' is reserved

./src/components/UI/Icons/ChevronLeftOutline.tsx
1:1  Error: Parsing error: The keyword 'import' is reserved

./src/components/UI/Icons/ChevronRightOutline.tsx
1:1  Error: Parsing error: The keyword 'import' is reserved

./src/components/UI/Icons/ChevronUpOutline.tsx
1:1  Error: Parsing error: The keyword 'import' is reserved

./src/components/UI/Icons/CogOutline.tsx
1:1  Error: Parsing error: The keyword 'import' is reserved

./src/components/UI/Icons/CollectOutline.tsx
1:1  Error: Parsing error: The keyword 'import' is reserved

./src/components/UI/Icons/CommentOutline.tsx
1:1  Error: Parsing error: The keyword 'import' is reserved

./src/components/UI/Icons/CopyOutline.tsx
1:1  Error: Parsing error: The keyword 'import' is reserved

./src/components/UI/Icons/DislikeOutline.tsx
1:1  Error: Parsing error: The keyword 'import' is reserved

./src/components/UI/Icons/EmojiOutline.tsx
1:1  Error: Parsing error: The keyword 'import' is reserved

./src/components/UI/Icons/ExploreOutline.tsx
1:1  Error: Parsing error: The keyword 'import' is reserved

./src/components/UI/Icons/ExternalOutline.tsx
1:1  Error: Parsing error: The keyword 'import' is reserved

./src/components/UI/Icons/FeedOutline.tsx
1:1  Error: Parsing error: The keyword 'import' is reserved

./src/components/UI/Icons/FireOutline.tsx
1:1  Error: Parsing error: The keyword 'import' is reserved

./src/components/UI/Icons/FlagOutline.tsx
1:1  Error: Parsing error: The keyword 'import' is reserved

./src/components/UI/Icons/GraphOutline.tsx
1:1  Error: Parsing error: The keyword 'import' is reserved

./src/components/UI/Icons/HandWaveOutline.tsx
1:1  Error: Parsing error: The keyword 'import' is reserved

./src/components/UI/Icons/HeartOutline.tsx
1:1  Error: Parsing error: The keyword 'import' is reserved

./src/components/UI/Icons/HomeOutline.tsx
1:1  Error: Parsing error: The keyword 'import' is reserved

./src/components/UI/Icons/InfoOutline.tsx
1:1  Error: Parsing error: The keyword 'import' is reserved

./src/components/UI/Icons/InterestsOutline.tsx
1:1  Error: Parsing error: The keyword 'import' is reserved

./src/components/UI/Icons/KeyOutline.tsx
1:1  Error: Parsing error: The keyword 'import' is reserved

./src/components/UI/Icons/LikeOutline.tsx
1:1  Error: Parsing error: The keyword 'import' is reserved

./src/components/UI/Icons/MentionOutline.tsx
1:1  Error: Parsing error: The keyword 'import' is reserved

./src/components/UI/Icons/MirrorOutline.tsx
1:1  Error: Parsing error: The keyword 'import' is reserved

./src/components/UI/Icons/MoonOutline.tsx
1:1  Error: Parsing error: The keyword 'import' is reserved

./src/components/UI/Icons/MusicOutline.tsx
1:1  Error: Parsing error: The keyword 'import' is reserved

./src/components/UI/Icons/NewVideoOutline.tsx
1:1  Error: Parsing error: The keyword 'import' is reserved

./src/components/UI/Icons/PinOutline.tsx
1:1  Error: Parsing error: The keyword 'import' is reserved

./src/components/UI/Icons/PlusOutline.tsx
1:1  Error: Parsing error: The keyword 'import' is reserved

./src/components/UI/Icons/RoadmapOutline.tsx
1:1  Error: Parsing error: The keyword 'import' is reserved

./src/components/UI/Icons/SearchOutline.tsx
1:1  Error: Parsing error: The keyword 'import' is reserved

./src/components/UI/Icons/ShareOutline.tsx
1:1  Error: Parsing error: The keyword 'import' is reserved

./src/components/UI/Icons/StreamOutline.tsx
1:1  Error: Parsing error: The keyword 'import' is reserved

./src/components/UI/Icons/SubscribeOutline.tsx
1:1  Error: Parsing error: The keyword 'import' is reserved

./src/components/UI/Icons/SunOutline.tsx
1:1  Error: Parsing error: The keyword 'import' is reserved

./src/components/UI/Icons/SwitchChannelOutline.tsx
1:1  Error: Parsing error: The keyword 'import' is reserved

./src/components/UI/Icons/TagOutline.tsx
1:1  Error: Parsing error: The keyword 'import' is reserved

./src/components/UI/Icons/ThreeDotsOutline.tsx
1:1  Error: Parsing error: The keyword 'import' is reserved

./src/components/UI/Icons/TrashOutline.tsx
1:1  Error: Parsing error: The keyword 'import' is reserved

./src/components/UI/Icons/UploadOutline.tsx
1:1  Error: Parsing error: The keyword 'import' is reserved

./src/components/UI/Icons/UserOutline.tsx
1:1  Error: Parsing error: The keyword 'import' is reserved

./src/components/UI/Icons/Verified.tsx
1:1  Error: Parsing error: The keyword 'import' is reserved

./src/components/UI/Icons/VideoOutline.tsx
1:1  Error: Parsing error: The keyword 'import' is reserved

./src/components/UI/Icons/WarningOutline.tsx
1:1  Error: Parsing error: The keyword 'import' is reserved

./src/components/UI/Image.tsx
1:1  Error: Parsing error: The keyword 'import' is reserved

./src/components/UI/IndexStatus.tsx
1:1  Error: Parsing error: The keyword 'import' is reserved

./src/components/UI/InfiniteLoader.tsx
1:1  Error: Parsing error: The keyword 'import' is reserved

./src/components/UI/Input.tsx
1:1  Error: Parsing error: The keyword 'import' is reserved

./src/components/UI/InputMentions.tsx
1:1  Error: Parsing error: The keyword 'import' is reserved

./src/components/UI/InterweaveContent.tsx
1:1  Error: Parsing error: The keyword 'import' is reserved

./src/components/UI/LightBox.tsx
1:1  Error: Parsing error: The keyword 'import' is reserved

./src/components/UI/Loader.tsx
1:1  Error: Parsing error: The keyword 'import' is reserved

./src/components/UI/Markup/Code.tsx
1:1  Error: Parsing error: The keyword 'import' is reserved

./src/components/UI/Markup/MarkupLink/ExternalLink.tsx
1:1  Error: Parsing error: The keyword 'import' is reserved

./src/components/UI/Markup/MarkupLink/Mention.tsx
1:1  Error: Parsing error: The keyword 'import' is reserved

./src/components/UI/Markup/MarkupLink/index.tsx
1:1  Error: Parsing error: The keyword 'import' is reserved

./src/components/UI/Markup/index.tsx
1:1  Error: Parsing error: The keyword 'import' is reserved

./src/components/UI/Markup.tsx
1:1  Error: Parsing error: The keyword 'import' is reserved

./src/components/UI/MentionTextArea.tsx
1:1  Error: Parsing error: The keyword 'import' is reserved

./src/components/UI/MenuTransition.tsx
1:1  Error: Parsing error: The keyword 'import' is reserved

./src/components/UI/MetaTags.tsx
1:1  Error: Parsing error: The keyword 'import' is reserved

./src/components/UI/Modal.tsx
1:1  Error: Parsing error: The keyword 'import' is reserved

./src/components/UI/NextLink.tsx
1:1  Error: Parsing error: The keyword 'import' is reserved

./src/components/UI/NextLink2.tsx
1:1  Error: Parsing error: The keyword 'import' is reserved

./src/components/UI/Sidebar.tsx
1:1  Error: Parsing error: The keyword 'import' is reserved

./src/components/UI/Slug.tsx
1:1  Error: Parsing error: The keyword 'import' is reserved

./src/components/UI/Spinner.tsx
1:1  Error: Parsing error: The keyword 'import' is reserved

./src/components/UI/TabButton.tsx
1:1  Error: Parsing error: The keyword 'import' is reserved

./src/components/UI/TextArea.tsx
1:1  Error: Parsing error: The keyword 'import' is reserved

./src/components/UI/Toggle.tsx
1:1  Error: Parsing error: The keyword 'import' is reserved

./src/components/UI/Tooltip.tsx
1:1  Error: Parsing error: The keyword 'import' is reserved

./src/components/UI/UserPreview.tsx
1:1  Error: Parsing error: The keyword 'import' is reserved

./src/components/UI/WarningMessage.tsx
1:1  Error: Parsing error: The keyword 'import' is reserved

./src/components/UI/matchers/HashtagMatcher.tsx
1:1  Error: Parsing error: The keyword 'import' is reserved

./src/components/UI/matchers/MentionMatcher.tsx
1:1  Error: Parsing error: The keyword 'import' is reserved

./src/components/UI/matchers/TimeMatcher.tsx
1:1  Error: Parsing error: The keyword 'import' is reserved

./src/components/UI/matchers/UrlMatcher/constants.ts
1:11  Error: Parsing error: Unexpected token CombinePatternsOptions

./src/components/UI/matchers/UrlMatcher/index.tsx
1:1  Error: Parsing error: The keyword 'import' is reserved

./src/components/UI/matchers/markdown/MDBoldMatcher.tsx
1:1  Error: Parsing error: The keyword 'import' is reserved

./src/components/UI/matchers/markdown/MDCodeMatcher.tsx
1:1  Error: Parsing error: The keyword 'import' is reserved

./src/components/UI/matchers/markdown/MDItalicMatcher.tsx
1:1  Error: Parsing error: The keyword 'import' is reserved

./src/components/UI/matchers/markdown/MDLinkMatcher.tsx
1:1  Error: Parsing error: The keyword 'import' is reserved

./src/components/UI/matchers/markdown/MDQuoteMatcher.tsx
1:1  Error: Parsing error: The keyword 'import' is reserved

./src/components/UI/matchers/markdown/MDStrikeMatcher.tsx
1:1  Error: Parsing error: The keyword 'import' is reserved

./src/components/Upload/AddImageOutline.tsx
1:1  Error: Parsing error: The keyword 'import' is reserved

./src/components/Upload/Alert.tsx
1:1  Error: Parsing error: The keyword 'import' is reserved

./src/components/Upload/BundlrInfo.tsx
1:1  Error: Parsing error: The keyword 'import' is reserved

./src/components/Upload/Category.tsx
1:1  Error: Parsing error: The keyword 'import' is reserved

./src/components/Upload/ChooseThumbnail.tsx
1:1  Error: Parsing error: The keyword 'import' is reserved

./src/components/Upload/CollectModule/ChargeQuestion.tsx
1:1  Error: Parsing error: The keyword 'import' is reserved

./src/components/Upload/CollectModule/FeeCollectForm.tsx
1:1  Error: Parsing error: The keyword 'import' is reserved

./src/components/Upload/CollectModule/LimitDurationQuestion.tsx
1:1  Error: Parsing error: The keyword 'import' is reserved

./src/components/Upload/CollectModule/LimitQuestion.tsx
1:1  Error: Parsing error: The keyword 'import' is reserved

./src/components/Upload/CollectModule/PermissionQuestion.tsx
1:1  Error: Parsing error: The keyword 'import' is reserved

./src/components/Upload/CollectModule/index.tsx
1:1  Error: Parsing error: The keyword 'import' is reserved

./src/components/Upload/Details.tsx
1:1  Error: Parsing error: The keyword 'import' is reserved

./src/components/Upload/DropZone.tsx
1:1  Error: Parsing error: The keyword 'import' is reserved

./src/components/Upload/ReferenceModule/index.tsx
1:1  Error: Parsing error: The keyword 'import' is reserved

./src/components/Upload/ThumbnailsShimmer.tsx
1:1  Error: Parsing error: The keyword 'import' is reserved

./src/components/Upload/Tooltip.tsx
1:1  Error: Parsing error: The keyword 'import' is reserved

./src/components/Upload/UploadMethod.tsx
1:1  Error: Parsing error: The keyword 'import' is reserved

./src/components/Upload/UploadSteps.tsx
1:1  Error: Parsing error: The keyword 'import' is reserved

./src/components/Upload/Video.tsx
1:1  Error: Parsing error: The keyword 'import' is reserved

./src/components/Upload/canUploadedToIpfs.ts
1:1  Error: Parsing error: The keyword 'import' is reserved

./src/components/Upload/checkIsBytesVideo.ts
1:1  Error: Parsing error: The keyword 'export' is reserved

./src/components/Upload/filereader.d.ts
1:9  Error: Parsing error: Unexpected token module

./src/components/Upload/formatBytes.ts
1:1  Error: Parsing error: The keyword 'export' is reserved

./src/components/Upload/generateVideoThumbnails.ts
1:1  Error: Parsing error: The keyword 'import' is reserved

./src/components/Upload/getFileFromDataURL.ts
1:1  Error: Parsing error: The keyword 'export' is reserved

./src/components/Upload/getVisitorId.ts
1:1  Error: Parsing error: The keyword 'import' is reserved

./src/components/Upload/index.tsx
1:1  Error: Parsing error: The keyword 'import' is reserved

./src/components/Upload/livepeer.ts
1:1  Error: Parsing error: The keyword 'import' is reserved

./src/components/UserSigNoncesProvider.tsx
1:1  Error: Parsing error: The keyword 'import' is reserved

./src/components/WalletConnectPush.tsx
1:1  Error: Parsing error: The keyword 'import' is reserved

./src/components/WalletProfile.tsx
1:1  Error: Parsing error: The keyword 'import' is reserved

./src/constants.ts
1:1  Error: Parsing error: The keyword 'import' is reserved

./src/custom-types.ts
1:1  Error: Parsing error: The keyword 'import' is reserved

./src/enums.ts
1:1  Error: Parsing error: The keyword 'export' is reserved

./src/lib/collectModuleParams.ts
1:1  Error: Parsing error: The keyword 'import' is reserved

./src/lib/conversationKey.ts
1:1  Error: Parsing error: The keyword 'import' is reserved

./src/lib/conversationMatchesProfile.ts
1:1  Error: Parsing error: The keyword 'import' is reserved

./src/lib/cursorBasedPagination.ts
1:1  Error: Parsing error: The keyword 'import' is reserved

./src/lib/downloadJson.ts
7:1  Error: Parsing error: The keyword 'const' is reserved

./src/lib/errors.ts
1:1  Error: Parsing error: The keyword 'export' is reserved

./src/lib/formatAddress.ts
1:1  Error: Parsing error: The keyword 'import' is reserved

./src/lib/formatTime4.ts
1:1  Error: Parsing error: The keyword 'import' is reserved

./src/lib/getAllowanceModule.ts
1:1  Error: Parsing error: The keyword 'import' is reserved

./src/lib/getAssetAddress.ts
1:1  Error: Parsing error: The keyword 'import' is reserved

./src/lib/getAvatar.ts
1:1  Error: Parsing error: The keyword 'import' is reserved

./src/lib/getCoingeckoPrice.ts
1:1  Error: Parsing error: The keyword 'import' is reserved

./src/lib/getComments.ts
1:1  Error: Parsing error: The keyword 'const' is reserved

./src/lib/getIPFSLink.ts
1:1  Error: Parsing error: The keyword 'import' is reserved

./src/lib/getIsDispatcherEnabled.ts
1:1  Error: Parsing error: The keyword 'import' is reserved

./src/lib/getMedia.ts
1:1  Error: Parsing error: The keyword 'import' is reserved

./src/lib/getMetaTags.tsx
1:1  Error: Parsing error: The keyword 'import' is reserved

./src/lib/getModule.ts
1:1  Error: Parsing error: The keyword 'import' is reserved

./src/lib/getProfileAttribute.ts
1:1  Error: Parsing error: The keyword 'import' is reserved

./src/lib/getRpc.ts
1:1  Error: Parsing error: The keyword 'export' is reserved

./src/lib/getSignature.ts
8:1  Error: Parsing error: The keyword 'const' is reserved

./src/lib/getStampFyiURL.ts
1:1  Error: Parsing error: The keyword 'const' is reserved

./src/lib/getTokenImage.ts
1:1  Error: Parsing error: The keyword 'const' is reserved

./src/lib/getUniqueMessages.ts
1:1  Error: Parsing error: The keyword 'import' is reserved

./src/lib/getUserLocale.ts
1:1  Error: Parsing error: The keyword 'const' is reserved

./src/lib/humanize.ts
6:1  Error: Parsing error: The keyword 'const' is reserved

./src/lib/imageCdn.ts
1:1  Error: Parsing error: The keyword 'import' is reserved

./src/lib/imageKit.ts
1:1  Error: Parsing error: The keyword 'import' is reserved

./src/lib/imageProxy.ts
1:1  Error: Parsing error: The keyword 'import' is reserved

./src/lib/imageProxy2.ts
1:1  Error: Parsing error: The keyword 'import' is reserved

./src/lib/ipfs.ts
1:1  Error: Parsing error: The keyword 'import' is reserved

./src/lib/isGardener.ts
1:1  Error: Parsing error: The keyword 'import' is reserved

./src/lib/keyFields.ts
1:1  Error: Parsing error: The keyword 'export' is reserved

./src/lib/lit.ts
1:1  Error: Parsing error: The keyword 'import' is reserved

./src/lib/nFormatter.ts
1:1  Error: Parsing error: The keyword 'import' is reserved

./src/lib/omit.ts
1:1  Error: Parsing error: The keyword 'const' is reserved

./src/lib/onError.ts
1:1  Error: Parsing error: The keyword 'import' is reserved

./src/lib/sanitizeLvprUrl.ts
1:1  Error: Parsing error: The keyword 'import' is reserved

./src/lib/splitSignature.ts
1:1  Error: Parsing error: The keyword 'import' is reserved

./src/lib/stopEventPropagation.ts
7:1  Error: Parsing error: The keyword 'const' is reserved

./src/lib/trimify.ts
6:1  Error: Parsing error: The keyword 'const' is reserved

./src/lib/truncateUrl.ts
8:1  Error: Parsing error: The keyword 'const' is reserved

./src/lib/uploadToArweave.ts
1:1  Error: Parsing error: The keyword 'import' is reserved

./src/lib/uploadToIPFS3.ts
1:1  Error: Parsing error: The keyword 'import' is reserved

./src/lib/useCreatePoll.tsx
1:1  Error: Parsing error: The keyword 'import' is reserved

./src/lib/useCreateSpace.tsx
1:1  Error: Parsing error: The keyword 'import' is reserved

./src/lib/useGetMessagePreviews.tsx
1:1  Error: Parsing error: The keyword 'import' is reserved

./src/lib/useGetMessages.tsx
1:1  Error: Parsing error: The keyword 'import' is reserved

./src/lib/useMessageDb.tsx
1:1  Error: Parsing error: The keyword 'import' is reserved

./src/lib/useModMode.tsx
1:1  Error: Parsing error: The keyword 'import' is reserved

./src/lib/useNft.tsx
1:1  Error: Parsing error: The keyword 'import' is reserved

./src/lib/useSendOptimisticMessage.tsx
1:1  Error: Parsing error: The keyword 'import' is reserved

./src/logger.ts
1:1  Error: Parsing error: The keyword 'import' is reserved

./src/mongodb.ts
1:1  Error: Parsing error: The keyword 'import' is reserved

./src/pages/404.tsx
1:1  Error: Parsing error: The keyword 'import' is reserved

./src/pages/_app.tsx
1:1  Error: Parsing error: The keyword 'import' is reserved

./src/pages/_document.tsx
1:1  Error: Parsing error: The keyword 'import' is reserved

./src/pages/api/corn/route.tsx
1:1  Error: Parsing error: The keyword 'import' is reserved

./src/pages/api/get-encrypted.ts
1:1  Error: Parsing error: The keyword 'import' is reserved

./src/pages/api/get-ipfs-cid.ts
1:1  Error: Parsing error: The keyword 'import' is reserved

./src/pages/api/hello.ts
2:1  Error: Parsing error: The keyword 'import' is reserved

./src/pages/api/meta-to-ipfs.ts
1:1  Error: Parsing error: The keyword 'import' is reserved

./src/pages/api/og.tsx
1:1  Error: Parsing error: The keyword 'import' is reserved

./src/pages/api/revalidate.tsx
1:1  Error: Parsing error: The keyword 'import' is reserved

./src/pages/api/store-encrypted.ts
1:1  Error: Parsing error: The keyword 'import' is reserved

./src/pages/api/sts/token.ts
1:1  Error: Parsing error: The keyword 'import' is reserved

./src/pages/api/video/views.ts
1:1  Error: Parsing error: The keyword 'import' is reserved

./src/pages/bytes/[id].tsx
1:1  Error: Parsing error: The keyword 'import' is reserved

./src/pages/discover.tsx
1:1  Error: Parsing error: The keyword 'import' is reserved

./src/pages/feed.tsx
1:1  Error: Parsing error: The keyword 'import' is reserved

./src/pages/index.tsx
1:1  Error: Parsing error: The keyword 'import' is reserved

./src/pages/latest.tsx
1:1  Error: Parsing error: The keyword 'import' is reserved

./src/pages/listen.tsx
1:1  Error: Parsing error: The keyword 'import' is reserved

./src/pages/meet/[roomid]/index.tsx
1:1  Error: Parsing error: The keyword 'import' is reserved

./src/pages/meet/[roomid]/lobby.tsx
1:1  Error: Parsing error: The keyword 'import' is reserved

./src/pages/messages/[...conversationKey].tsx
1:1  Error: Parsing error: The keyword 'import' is reserved

./src/pages/messages/index.tsx
1:1  Error: Parsing error: The keyword 'import' is reserved

./src/pages/musicfeed.tsx
1:1  Error: Parsing error: The keyword 'import' is reserved

./src/pages/notifications.tsx
1:1  Error: Parsing error: The keyword 'import' is reserved

./src/pages/post/[id].tsx
1:1  Error: Parsing error: The keyword 'import' is reserved

./src/pages/privacy.tsx
1:1  Error: Parsing error: The keyword 'import' is reserved

./src/pages/search.tsx
1:1  Error: Parsing error: The keyword 'import' is reserved

./src/pages/settings/account.tsx
1:1  Error: Parsing error: The keyword 'import' is reserved

./src/pages/settings/allowance.tsx
1:1  Error: Parsing error: The keyword 'import' is reserved

./src/pages/settings/cleanup.tsx
1:1  Error: Parsing error: The keyword 'import' is reserved

./src/pages/settings/delete.tsx
1:1  Error: Parsing error: The keyword 'import' is reserved

./src/pages/settings/dispatcher.tsx
1:1  Error: Parsing error: The keyword 'import' is reserved

./src/pages/settings/export.tsx
1:1  Error: Parsing error: The keyword 'import' is reserved

./src/pages/settings/index.tsx
1:1  Error: Parsing error: The keyword 'import' is reserved

./src/pages/settings/interests.tsx
1:1  Error: Parsing error: The keyword 'import' is reserved

./src/pages/terms.tsx
1:1  Error: Parsing error: The keyword 'import' is reserved

./src/pages/u/[id].tsx
1:1  Error: Parsing error: The keyword 'import' is reserved

./src/storage.ts
2:1  Error: Parsing error: The keyword 'export' is reserved

./src/store/access.ts
1:1  Error: Parsing error: The keyword 'import' is reserved

./src/store/alerts.ts
1:1  Error: Parsing error: The keyword 'import' is reserved

./src/store/app.ts
1:1  Error: Parsing error: The keyword 'import' is reserved

./src/store/attachment.ts
1:1  Error: Parsing error: The keyword 'import' is reserved

./src/store/auth.ts
1:1  Error: Parsing error: The keyword 'import' is reserved

./src/store/collect-module.ts
1:1  Error: Parsing error: The keyword 'import' is reserved

./src/store/echos.ts
1:1  Error: Parsing error: The keyword 'import' is reserved

./src/store/fingerprint.ts
1:1  Error: Parsing error: The keyword 'import' is reserved

./src/store/meet.ts
1:1  Error: Parsing error: The keyword 'import' is reserved

./src/store/message-db.ts
1:1  Error: Parsing error: The keyword 'import' is reserved

./src/store/message.ts
1:1  Error: Parsing error: The keyword 'import' is reserved

./src/store/modals.ts
1:1  Error: Parsing error: The keyword 'import' is reserved

./src/store/nft-gallery.ts
1:1  Error: Parsing error: The keyword 'import' is reserved

./src/store/nonce.ts
1:1  Error: Parsing error: The keyword 'import' is reserved

./src/store/notification.ts
1:1  Error: Parsing error: The keyword 'import' is reserved

./src/store/persist.ts
1:1  Error: Parsing error: The keyword 'import' is reserved

./src/store/profile-feed.ts
1:1  Error: Parsing error: The keyword 'import' is reserved

./src/store/publication4.ts
1:1  Error: Parsing error: The keyword 'import' is reserved

./src/store/push-chat.ts
1:1  Error: Parsing error: The keyword 'import' is reserved

./src/types/app.ts
1:1  Error: Parsing error: The keyword 'import' is reserved

./src/types/graph.ts
1:1  Error: Parsing error: The keyword 'import' is reserved

./src/types/lens.ts
1:1  Error: Parsing error: The keyword 'import' is reserved

./src/types/typesLive.ts
1:1  Error: Parsing error: The keyword 'export' is reserved

./src/types/widgets.ts
1:1  Error: Parsing error: The keyword 'export' is reserved

./src/typesLenster/dayjs-twitter.d.ts
1:9  Error: Parsing error: Unexpected token module

./src/typesLenster/index.d.ts
1:1  Error: Parsing error: The keyword 'import' is reserved

./src/utils/GetModuleIcon.tsx
1:1  Error: Parsing error: The keyword 'import' is reserved

./src/utils/VideoPlayer/Player.tsx
1:1  Error: Parsing error: The keyword 'import' is reserved

./src/utils/VideoPlayer/SensitiveWarning.tsx
1:1  Error: Parsing error: The keyword 'import' is reserved

./src/utils/VideoPlayer/index.tsx
3:1  Error: Parsing error: The keyword 'import' is reserved

./src/utils/clipboard.ts
1:1  Error: Parsing error: The keyword 'export' is reserved

./src/utils/const.tsx
1:1  Error: Parsing error: The keyword 'import' is reserved

./src/utils/custom-types.ts
1:1  Error: Parsing error: The keyword 'import' is reserved

./src/utils/custom-types2.ts
1:1  Error: Parsing error: The keyword 'import' is reserved

./src/utils/data/aave-members.ts
1:1  Error: Parsing error: The keyword 'export' is reserved

./src/utils/data/apps.ts
1:1  Error: Parsing error: The keyword 'export' is reserved

./src/utils/data/auth-routes.ts
2:1  Error: Parsing error: The keyword 'export' is reserved

./src/utils/data/categories.ts
1:1  Error: Parsing error: The keyword 'export' is reserved

./src/utils/data/feature-flags.ts
1:1  Error: Parsing error: The keyword 'import' is reserved

./src/utils/data/gardeners.ts
1:1  Error: Parsing error: The keyword 'export' is reserved

./src/utils/data/keysValidator.ts
1:1  Error: Parsing error: The keyword 'import' is reserved

./src/utils/data/pinsta-members.ts
1:1  Error: Parsing error: The keyword 'export' is reserved

./src/utils/data/tags.ts
1:1  Error: Parsing error: The keyword 'export' is reserved

./src/utils/data/verified.ts
1:1  Error: Parsing error: The keyword 'import' is reserved

./src/utils/functions/buildConversationId.ts
1:1  Error: Parsing error: The keyword 'import' is reserved

./src/utils/functions/chunkArray.ts
9:1  Error: Parsing error: The keyword 'const' is reserved

./src/utils/functions/clearLocalStorage.ts
1:1  Error: Parsing error: The keyword 'const' is reserved

./src/utils/functions/conversationKey.ts
1:1  Error: Parsing error: The keyword 'import' is reserved

./src/utils/functions/conversationMatchesProfile.ts
1:1  Error: Parsing error: The keyword 'import' is reserved

./src/utils/functions/formatAddress.ts
1:1  Error: Parsing error: The keyword 'import' is reserved

./src/utils/functions/formatHandle.ts
1:1  Error: Parsing error: The keyword 'import' is reserved

./src/utils/functions/formatNumber.ts
1:1  Error: Parsing error: The keyword 'export' is reserved

./src/utils/functions/formatTime.ts
1:1  Error: Parsing error: The keyword 'import' is reserved

./src/utils/functions/formatTime2.ts
1:1  Error: Parsing error: The keyword 'import' is reserved

./src/utils/functions/getApolloClient.ts
1:1  Error: Parsing error: The keyword 'import' is reserved

./src/utils/functions/getAppName.ts
1:1  Error: Parsing error: The keyword 'const' is reserved

./src/utils/functions/getAttribute.ts
1:1  Error: Parsing error: The keyword 'import' is reserved

./src/utils/functions/getAttributeFromTrait.ts
1:1  Error: Parsing error: The keyword 'import' is reserved

./src/utils/functions/getCoingeckoPrice.ts
1:1  Error: Parsing error: The keyword 'import' is reserved

./src/utils/functions/getCollectModule.ts
1:1  Error: Parsing error: The keyword 'import' is reserved

./src/utils/functions/getCoverPicture.ts
1:1  Error: Parsing error: The keyword 'import' is reserved

./src/utils/functions/getExport.ts
1:1  Error: Parsing error: The keyword 'import' is reserved

./src/utils/functions/getFollowModule.ts
6:1  Error: Parsing error: The keyword 'export' is reserved

./src/utils/functions/getFromAttributes.ts
1:1  Error: Parsing error: The keyword 'import' is reserved

./src/utils/functions/getHashTags.ts
1:1  Error: Parsing error: The keyword 'export' is reserved

./src/utils/functions/getIsAuthTokensAvailable.ts
1:1  Error: Parsing error: The keyword 'export' is reserved

./src/utils/functions/getIsFeatureEnabled.ts
1:1  Error: Parsing error: The keyword 'import' is reserved

./src/utils/functions/getLensHandle.ts
1:1  Error: Parsing error: The keyword 'import' is reserved

./src/utils/functions/getModule.ts
1:1  Error: Parsing error: The keyword 'import' is reserved

./src/utils/functions/getProfilePicture.ts
1:1  Error: Parsing error: The keyword 'import' is reserved

./src/utils/functions/getPublicationAttribute.ts
1:1  Error: Parsing error: The keyword 'import' is reserved

./src/utils/functions/getPublicationMediaUrl.ts
1:1  Error: Parsing error: The keyword 'import' is reserved

./src/utils/functions/getRandomProfilePicture.ts
1:1  Error: Parsing error: The keyword 'export' is reserved

./src/utils/functions/getSharableLink.ts
1:1  Error: Parsing error: The keyword 'import' is reserved

./src/utils/functions/getSignature.ts
1:1  Error: Parsing error: The keyword 'import' is reserved

./src/utils/functions/getStampFyiURL.ts
7:1  Error: Parsing error: The keyword 'const' is reserved

./src/utils/functions/getTags.ts
1:1  Error: Parsing error: The keyword 'const' is reserved

./src/utils/functions/getTextImage.ts
1:1  Error: Parsing error: The keyword 'import' is reserved

./src/utils/functions/getTextNftUrl.ts
1:1  Error: Parsing error: The keyword 'import' is reserved

./src/utils/functions/getThumbnailUrl.ts
1:1  Error: Parsing error: The keyword 'import' is reserved

./src/utils/functions/getToastOptions.ts
1:1  Error: Parsing error: The keyword 'export' is reserved

./src/utils/functions/getTokenImage.ts
6:1  Error: Parsing error: The keyword 'const' is reserved

./src/utils/functions/getUniqueMessages.ts
1:1  Error: Parsing error: The keyword 'import' is reserved

./src/utils/functions/getUniswapURL.ts
1:1  Error: Parsing error: The keyword 'import' is reserved

./src/utils/functions/getUserLocale.ts
1:1  Error: Parsing error: The keyword 'const' is reserved

./src/utils/functions/getVideoCoverUrl.ts
1:1  Error: Parsing error: The keyword 'import' is reserved

./src/utils/functions/growthbook.ts
1:1  Error: Parsing error: The keyword 'import' is reserved

./src/utils/functions/imageCdn.ts
1:1  Error: Parsing error: The keyword 'import' is reserved

./src/utils/functions/ipfs.ts
1:1  Error: Parsing error: The keyword 'import' is reserved

./src/utils/functions/isFeatureEnabled.ts
1:1  Error: Parsing error: The keyword 'import' is reserved

./src/utils/functions/isValidEthAddress.ts
1:1  Error: Parsing error: The keyword 'import' is reserved

./src/utils/functions/logger.ts
1:1  Error: Parsing error: The keyword 'import' is reserved

./src/utils/functions/omit.ts
7:1  Error: Parsing error: The keyword 'const' is reserved

./src/utils/functions/onError.ts
1:1  Error: Parsing error: The keyword 'import' is reserved

./src/utils/functions/parseJwt.ts
1:6  Error: Parsing error: Unexpected token ReturnType

./src/utils/functions/publicationKeyFields.ts
6:1  Error: Parsing error: The keyword 'export' is reserved

./src/utils/functions/sanitizeDStorageUrl.ts
1:1  Error: Parsing error: The keyword 'import' is reserved

./src/utils/functions/sanitizeProfileInterests.ts
1:1  Error: Parsing error: The keyword 'import' is reserved

./src/utils/functions/shortenAddress.ts
1:1  Error: Parsing error: The keyword 'export' is reserved

./src/utils/functions/splitNumber.ts
8:1  Error: Parsing error: The keyword 'const' is reserved

./src/utils/functions/splitSignature.ts
1:1  Error: Parsing error: The keyword 'import' is reserved

./src/utils/functions/trimify.ts
6:1  Error: Parsing error: The keyword 'const' is reserved

./src/utils/functions/uploadToAr.ts
1:1  Error: Parsing error: The keyword 'import' is reserved

./src/utils/functions/uploadToIPFS.ts
1:1  Error: Parsing error: The keyword 'import' is reserved

./src/utils/getCollectModule.ts
1:1  Error: Parsing error: The keyword 'import' is reserved

./src/utils/hooks/codecs/Image.ts
1:1  Error: Parsing error: The keyword 'import' is reserved

./src/utils/hooks/codecs/Video.ts
1:1  Error: Parsing error: The keyword 'import' is reserved

./src/utils/hooks/resetAuthData.ts
1:1  Error: Parsing error: The keyword 'import' is reserved

./src/utils/hooks/useAverageColor.ts
1:1  Error: Parsing error: The keyword 'import' is reserved

./src/utils/hooks/useCopyToClipboard.ts
1:1  Error: Parsing error: The keyword 'import' is reserved

./src/utils/hooks/useDebounce.ts
1:1  Error: Parsing error: The keyword 'import' is reserved

./src/utils/hooks/useDragAndDrop.ts
1:1  Error: Parsing error: The keyword 'import' is reserved

./src/utils/hooks/useEthersWalletClient.tsx
1:1  Error: Parsing error: The keyword 'import' is reserved

./src/utils/hooks/useEthersWalletClient2.tsx
1:1  Error: Parsing error: The keyword 'import' is reserved

./src/utils/hooks/useGetMessagePreviews.tsx
1:1  Error: Parsing error: The keyword 'import' is reserved

./src/utils/hooks/useGetMessages.tsx
1:1  Error: Parsing error: The keyword 'import' is reserved

./src/utils/hooks/useHorizantalScroll.ts
1:1  Error: Parsing error: The keyword 'import' is reserved

./src/utils/hooks/useIsMounted.ts
1:1  Error: Parsing error: The keyword 'import' is reserved

./src/utils/hooks/useIsMounted.tsx
1:1  Error: Parsing error: The keyword 'import' is reserved

./src/utils/hooks/useMessagePreviews.tsx
1:1  Error: Parsing error: The keyword 'import' is reserved

./src/utils/hooks/useOnClickOutside.tsx
1:1  Error: Parsing error: The keyword 'import' is reserved

./src/utils/hooks/useOutsideClick.ts
1:1  Error: Parsing error: The keyword 'import' is reserved

./src/utils/hooks/usePendingTxn.ts
1:1  Error: Parsing error: The keyword 'import' is reserved

./src/utils/hooks/useSendMessage.tsx
1:1  Error: Parsing error: The keyword 'import' is reserved

./src/utils/hooks/useStreamAllMessages.ts
1:1  Error: Parsing error: The keyword 'import' is reserved

./src/utils/hooks/useStreamConversations.ts
1:1  Error: Parsing error: The keyword 'import' is reserved

./src/utils/hooks/useStreamMessages.tsx
1:1  Error: Parsing error: The keyword 'import' is reserved

./src/utils/hooks/useUploadAttachments.tsx
1:1  Error: Parsing error: The keyword 'import' is reserved

./src/utils/hooks/useVideoViews.ts
1:1  Error: Parsing error: The keyword 'import' is reserved

./src/utils/hooks/userror Command failed with exit code 1.
